4/21/2018 3:12:48 AM	This log contains information about the import schema operation into project 'Northwind.Database' on computer 'VSI-P51-003' by user 'Admin'.
4/21/2018 3:12:48 AM	Import of database schema has started.
4/21/2018 3:13:01 AM	Gathering database options
4/21/2018 3:13:01 AM	Gathering users
4/21/2018 3:13:01 AM	Gathering roles
4/21/2018 3:13:01 AM	Gathering application roles
4/21/2018 3:13:01 AM	Gathering role memberships
4/21/2018 3:13:01 AM	Gathering filegroups
4/21/2018 3:13:01 AM	Gathering full-text catalogs
4/21/2018 3:13:01 AM	Gathering assemblies
4/21/2018 3:13:01 AM	Gathering certificates
4/21/2018 3:13:01 AM	Gathering asymmetric keys
4/21/2018 3:13:01 AM	Gathering symmetric keys
4/21/2018 3:13:01 AM	Gathering encrypted symmetric keys
4/21/2018 3:13:01 AM	Gathering schemas
4/21/2018 3:13:01 AM	Gathering XML schema collections
4/21/2018 3:13:01 AM	Gathering user-defined data types
4/21/2018 3:13:01 AM	Gathering user-defined types
4/21/2018 3:13:01 AM	Gathering table types
4/21/2018 3:13:01 AM	Gathering unique keys for table types
4/21/2018 3:13:01 AM	Gathering primary keys for table types
4/21/2018 3:13:01 AM	Gathering indexes for table types
4/21/2018 3:13:01 AM	Gathering check constraints for table types
4/21/2018 3:13:01 AM	Gathering default constraints for table types
4/21/2018 3:13:01 AM	Gathering partition functions
4/21/2018 3:13:01 AM	Gathering partition schemes
4/21/2018 3:13:01 AM	Gathering functions
4/21/2018 3:13:01 AM	Gathering encrypted functions
4/21/2018 3:13:01 AM	Gathering aggregates
4/21/2018 3:13:01 AM	Gathering procedures
4/21/2018 3:13:01 AM	Gathering encrypted procedures
4/21/2018 3:13:01 AM	Gathering tables
4/21/2018 3:13:01 AM	Gathering primary keys
4/21/2018 3:13:01 AM	Gathering unique constraints
4/21/2018 3:13:01 AM	Gathering foreign keys
4/21/2018 3:13:01 AM	Gathering default constraints
4/21/2018 3:13:02 AM	Gathering check constraints
4/21/2018 3:13:02 AM	Gathering views
4/21/2018 3:13:02 AM	Gathering encrypted views
4/21/2018 3:13:02 AM	Gathering indexes
4/21/2018 3:13:02 AM	Gathering statistics
4/21/2018 3:13:02 AM	Gathering full-text index stoplists
4/21/2018 3:13:02 AM	Gathering search property lists
4/21/2018 3:13:02 AM	Gathering search properties
4/21/2018 3:13:02 AM	Gathering full-text indexes
4/21/2018 3:13:02 AM	Gathering column store indexes
4/21/2018 3:13:02 AM	Gathering spatial indexes
4/21/2018 3:13:02 AM	Gathering XML indexes
4/21/2018 3:13:02 AM	Gathering Selective XML indexes
4/21/2018 3:13:02 AM	Gathering encrypted triggers
4/21/2018 3:13:02 AM	Gathering triggers
4/21/2018 3:13:02 AM	Gathering encrypted and clr ddl triggers
4/21/2018 3:13:02 AM	Gathering ddl triggers
4/21/2018 3:13:02 AM	Gathering synonyms
4/21/2018 3:13:02 AM	Gathering defaults
4/21/2018 3:13:02 AM	Gathering data constraint uddt bindings
4/21/2018 3:13:02 AM	Gathering rules
4/21/2018 3:13:02 AM	Gathering data constraint uddt bindings
4/21/2018 3:13:02 AM	Gathering message types
4/21/2018 3:13:02 AM	Gathering queues
4/21/2018 3:13:02 AM	Gathering contracts
4/21/2018 3:13:02 AM	Gathering services
4/21/2018 3:13:02 AM	Gathering event notifications
4/21/2018 3:13:02 AM	Gathering remote service bindings
4/21/2018 3:13:02 AM	Gathering broker priorities
4/21/2018 3:13:02 AM	Gathering signatures
4/21/2018 3:13:02 AM	Gathering data compression options
4/21/2018 3:13:02 AM	Gathering sequence types
4/21/2018 3:13:02 AM	Gathering database permissions
4/21/2018 3:13:02 AM	Gathering extended properties
4/21/2018 3:13:02 AM	Gathering credentials
4/21/2018 3:13:02 AM	Gathering logins
4/21/2018 3:13:02 AM	Gathering server audits
4/21/2018 3:13:03 AM	Scanning project for duplicate elements
4/21/2018 3:13:04 AM	Finished duplicate element processing
4/21/2018 3:13:05 AM	Finished importing database.
4/21/2018 3:13:05 AM	A summary of the import was saved to the following location: C:\Users\Admin\source\repos\SimpleEFExample\Northwind.Database\Import Schema Logs\Northwind.Database_20180421071248.log
4/21/2018 3:13:05 AM	Click Finish to continue...
